Initialized native services in: /Users/dongha/.gradle/native
Initialized jansi services in: /Users/dongha/.gradle/native
Found daemon DaemonInfo{pid=16568, address=[01eae386-de13-4295-95e7-69dc024ae19d port:60974, addresses:[/127.0.0.1]], state=Idle, lastBusy=1773657003814, context=DefaultDaemonContext[uid=5caf9d78-7259-4d04-8b91-5d4d9bb76d74,javaHome=/Users/dongha/.antigravity/extensions/redhat.java-1.53.0-darwin-arm64/jre/21.0.10-macosx-aarch64,javaVersion=21,javaVendor=Eclipse Adoptium,daemonRegistryDir=/Users/dongha/.gradle/daemon,pid=16568,idleTimeout=10800000,priority=NORMAL,applyInstrumentationAgent=true,nativeServicesMode=ENABLED,daemonOpts=-XX:MaxMetaspaceSize=384m,-XX:+HeapDumpOnOutOfMemoryError,-Xms256m,-Xmx512m,-Dfile.encoding=UTF-8,-Duser.country=KR,-Duser.language=ko,-Duser.variant]} however its context does not match the desired criteria.
JVM is incompatible.
Wanted: DaemonRequestContext{jvmCriteria=/Users/dongha/.sdkman/candidates/java/17.0.8-tem (no JDK specified, using current Java home), daemonOpts=[-XX:MaxMetaspaceSize=384m, -XX:+HeapDumpOnOutOfMemoryError, -Xms256m, -Xmx512m, -Dfile.encoding=UTF-8, -Duser.country=KR, -Duser.language=ko, -Duser.variant], applyInstrumentationAgent=true, nativeServicesMode=ENABLED, priority=NORMAL}
Actual: DefaultDaemonContext[uid=5caf9d78-7259-4d04-8b91-5d4d9bb76d74,javaHome=/Users/dongha/.antigravity/extensions/redhat.java-1.53.0-darwin-arm64/jre/21.0.10-macosx-aarch64,javaVersion=21,javaVendor=Eclipse Adoptium,daemonRegistryDir=/Users/dongha/.gradle/daemon,pid=16568,idleTimeout=10800000,priority=NORMAL,applyInstrumentationAgent=true,nativeServicesMode=ENABLED,daemonOpts=-XX:MaxMetaspaceSize=384m,-XX:+HeapDumpOnOutOfMemoryError,-Xms256m,-Xmx512m,-Dfile.encoding=UTF-8,-Duser.country=KR,-Duser.language=ko,-Duser.variant]

  Looking for a different daemon...
Removing 0 daemon stop events from registry
Previous Daemon (16015) stopped at Mon Mar 16 19:30:28 KST 2026 other compatible daemons were started and after being idle for 0 minutes and not recently used
Starting a Gradle Daemon, 1 incompatible and 1 stopped Daemons could not be reused, use --status for details
Starting process 'Gradle build daemon'. Working directory: /Users/dongha/.gradle/daemon/8.13 Command: /Users/dongha/.sdkman/candidates/java/17.0.8-tem/bin/java --add-opens=java.base/java.lang=ALL-UNNAMED --add-opens=java.base/java.lang.invoke=ALL-UNNAMED --add-opens=java.base/java.util=ALL-UNNAMED --add-opens=java.prefs/java.util.prefs=ALL-UNNAMED --add-exports=jdk.compiler/com.sun.tools.javac.api=ALL-UNNAMED --add-exports=jdk.compiler/com.sun.tools.javac.util=ALL-UNNAMED --add-opens=java.base/java.util=ALL-UNNAMED --add-opens=java.prefs/java.util.prefs=ALL-UNNAMED --add-opens=java.base/java.nio.charset=ALL-UNNAMED --add-opens=java.base/java.net=ALL-UNNAMED --add-opens=java.base/java.util.concurrent.atomic=ALL-UNNAMED --add-opens=java.xml/javax.xml.namespace=ALL-UNNAMED -XX:MaxMetaspaceSize=384m -XX:+HeapDumpOnOutOfMemoryError -Xms256m -Xmx512m -Dfile.encoding=UTF-8 -Duser.country=KR -Duser.language=ko -Duser.variant -cp /Users/dongha/.gradle/wrapper/dists/gradle-8.13-bin/5xuhj0ry160q40clulazy9h7d/gradle-8.13/lib/gradle-daemon-main-8.13.jar -javaagent:/Users/dongha/.gradle/wrapper/dists/gradle-8.13-bin/5xuhj0ry160q40clulazy9h7d/gradle-8.13/lib/agents/gradle-instrumentation-agent-8.13.jar org.gradle.launcher.daemon.bootstrap.GradleDaemon 8.13
Successfully started process 'Gradle build daemon'
An attempt to start the daemon took 0.913 secs.
The client will now receive all logging from the daemon (pid: 20685). The daemon log file: /Users/dongha/.gradle/daemon/8.13/daemon-20685.out.log
Starting build in new daemon [memory: 512 MiB]
Using 8 worker leases.
Received JVM installation metadata from '/Users/dongha/.sdkman/candidates/java/17.0.8-tem': {JAVA_HOME=/Users/dongha/.sdkman/candidates/java/17.0.8-tem, JAVA_VERSION=17.0.8, JAVA_VENDOR=Eclipse Adoptium, RUNTIME_NAME=OpenJDK Runtime Environment, RUNTIME_VERSION=17.0.8+7, VM_NAME=OpenJDK 64-Bit Server VM, VM_VERSION=17.0.8+7, VM_VENDOR=Eclipse Adoptium, OS_ARCH=aarch64}
Watching the file system is configured to be enabled if available
Now considering [/Users/dongha/jungle/aidiary-main] as hierarchies to watch
File system watching is active
Starting Build
Settings evaluated using settings file '/Users/dongha/jungle/aidiary-main/settings.gradle'.
Projects loaded. Root project using build file '/Users/dongha/jungle/aidiary-main/build.gradle'.
Included projects: [root project 'aidiary']

> Configure project :
Evaluating root project 'aidiary' using build file '/Users/dongha/jungle/aidiary-main/build.gradle'.
Resolved plugin [id: 'java']
Resolved plugin [id: 'org.springframework.boot', version: '3.4.4']
Resolved plugin [id: 'io.spring.dependency-management', version: '1.1.7']
Applying dependency management to configuration 'annotationProcessor' in project 'aidiary'
Applying dependency management to configuration 'apiElements' in project 'aidiary'
Applying dependency management to configuration 'archives' in project 'aidiary'
Applying dependency management to configuration 'bootArchives' in project 'aidiary'
Applying dependency management to configuration 'compileClasspath' in project 'aidiary'
Applying dependency management to configuration 'compileOnly' in project 'aidiary'
Applying dependency management to configuration 'default' in project 'aidiary'
Applying dependency management to configuration 'developmentOnly' in project 'aidiary'
Applying dependency management to configuration 'implementation' in project 'aidiary'
Applying dependency management to configuration 'mainSourceElements' in project 'aidiary'
Applying dependency management to configuration 'productionRuntimeClasspath' in project 'aidiary'
Applying dependency management to configuration 'runtimeClasspath' in project 'aidiary'
Applying dependency management to configuration 'runtimeElements' in project 'aidiary'
Applying dependency management to configuration 'runtimeOnly' in project 'aidiary'
Applying dependency management to configuration 'testAndDevelopmentOnly' in project 'aidiary'
Applying dependency management to configuration 'testAnnotationProcessor' in project 'aidiary'
Applying dependency management to configuration 'testCompileClasspath' in project 'aidiary'
Applying dependency management to configuration 'testCompileOnly' in project 'aidiary'
Applying dependency management to configuration 'testImplementation' in project 'aidiary'
Applying dependency management to configuration 'testResultsElementsForTest' in project 'aidiary'
Applying dependency management to configuration 'testRuntimeClasspath' in project 'aidiary'
Applying dependency management to configuration 'testRuntimeOnly' in project 'aidiary'
All projects evaluated.
Task name matched 'bootRun'
Selected primary task 'bootRun' from project :
Starting process 'command '/usr/libexec/java_home''. Working directory: /Users/dongha/.gradle/daemon/8.13 Command: /usr/libexec/java_home -V
Successfully started process 'command '/usr/libexec/java_home''
Starting process 'command '/opt/homebrew/Cellar/openjdk/23.0.2/libexec/openjdk.jdk/Contents/Home/bin/java''. Working directory: /Users/dongha/.gradle/.tmp/tmp-jvm11509586656051115644probe Command: /opt/homebrew/Cellar/openjdk/23.0.2/libexec/openjdk.jdk/Contents/Home/bin/java -Xmx32m -Xms32m -cp . JavaProbe
Successfully started process 'command '/opt/homebrew/Cellar/openjdk/23.0.2/libexec/openjdk.jdk/Contents/Home/bin/java''
Received JVM installation metadata from '/opt/homebrew/Cellar/openjdk/23.0.2/libexec/openjdk.jdk/Contents/Home': {JAVA_HOME=/opt/homebrew/Cellar/openjdk/23.0.2/libexec/openjdk.jdk/Contents/Home, JAVA_VERSION=23.0.2, JAVA_VENDOR=Homebrew, RUNTIME_NAME=OpenJDK Runtime Environment, RUNTIME_VERSION=23.0.2, VM_NAME=OpenJDK 64-Bit Server VM, VM_VERSION=23.0.2, VM_VENDOR=Homebrew, OS_ARCH=aarch64}
Starting process 'command '/Library/Java/JavaVirtualMachines/jdk-21.jdk/Contents/Home/bin/java''. Working directory: /Users/dongha/.gradle/.tmp/tmp-jvm1488246083025364380probe Command: /Library/Java/JavaVirtualMachines/jdk-21.jdk/Contents/Home/bin/java -Xmx32m -Xms32m -cp . JavaProbe
Successfully started process 'command '/Library/Java/JavaVirtualMachines/jdk-21.jdk/Contents/Home/bin/java''
Received JVM installation metadata from '/Library/Java/JavaVirtualMachines/jdk-21.jdk/Contents/Home': {JAVA_HOME=/Library/Java/JavaVirtualMachines/jdk-21.jdk/Contents/Home, JAVA_VERSION=21.0.5, JAVA_VENDOR=Oracle Corporation, RUNTIME_NAME=Java(TM) SE Runtime Environment, RUNTIME_VERSION=21.0.5+9-LTS-239, VM_NAME=Java HotSpot(TM) 64-Bit Server VM, VM_VERSION=21.0.5+9-LTS-239, VM_VENDOR=Oracle Corporation, OS_ARCH=aarch64}
Starting process 'command '/Users/dongha/.sdkman/candidates/java/11.0.20-tem/bin/java''. Working directory: /Users/dongha/.gradle/.tmp/tmp-jvm4366262460787893360probe Command: /Users/dongha/.sdkman/candidates/java/11.0.20-tem/bin/java -Xmx32m -Xms32m -cp . JavaProbe
Successfully started process 'command '/Users/dongha/.sdkman/candidates/java/11.0.20-tem/bin/java''
Received JVM installation metadata from '/Users/dongha/.sdkman/candidates/java/11.0.20-tem': {JAVA_HOME=/Users/dongha/.sdkman/candidates/java/11.0.20-tem, JAVA_VERSION=11.0.20, JAVA_VENDOR=Eclipse Adoptium, RUNTIME_NAME=OpenJDK Runtime Environment, RUNTIME_VERSION=11.0.20+8, VM_NAME=OpenJDK 64-Bit Server VM, VM_VERSION=11.0.20+8, VM_VENDOR=Eclipse Adoptium, OS_ARCH=aarch64}
Starting process 'command '/Users/dongha/Library/Java/JavaVirtualMachines/corretto-17.0.14/Contents/Home/bin/java''. Working directory: /Users/dongha/.gradle/.tmp/tmp-jvm4681168167905934797probe Command: /Users/dongha/Library/Java/JavaVirtualMachines/corretto-17.0.14/Contents/Home/bin/java -Xmx32m -Xms32m -cp . JavaProbe
Successfully started process 'command '/Users/dongha/Library/Java/JavaVirtualMachines/corretto-17.0.14/Contents/Home/bin/java''
Received JVM installation metadata from '/Users/dongha/Library/Java/JavaVirtualMachines/corretto-17.0.14/Contents/Home': {JAVA_HOME=/Users/dongha/Library/Java/JavaVirtualMachines/corretto-17.0.14/Contents/Home, JAVA_VERSION=17.0.14, JAVA_VENDOR=Amazon.com Inc., RUNTIME_NAME=OpenJDK Runtime Environment, RUNTIME_VERSION=17.0.14+7-LTS, VM_NAME=OpenJDK 64-Bit Server VM, VM_VERSION=17.0.14+7-LTS, VM_VENDOR=Amazon.com Inc., OS_ARCH=aarch64}
Resolving global dependency management for project 'aidiary'
Excluding []
Excluding []
Excluding []
Excluding []
Excluding []
Tasks to be executed: [task ':compileJava', task ':processResources', task ':classes', task ':resolveMainClassName', task ':bootRun']
Tasks that were excluded: []
Resolve mutations for :compileJava (Thread[Execution worker,5,main]) started.
:compileJava (Thread[Execution worker,5,main]) started.

> Task :compileJava UP-TO-DATE
Custom actions are attached to task ':compileJava'.
Caching disabled for task ':compileJava' because:
  Build cache is disabled
Skipping task ':compileJava' as it is up-to-date.
Resolve mutations for :processResources (Thread[Execution worker,5,main]) started.
:processResources (Thread[Execution worker,5,main]) started.

> Task :processResources UP-TO-DATE
Caching disabled for task ':processResources' because:
  Build cache is disabled
  Not worth caching
Skipping task ':processResources' as it is up-to-date.
Resolve mutations for :classes (Thread[Execution worker Thread 4,5,main]) started.
:classes (Thread[Execution worker Thread 4,5,main]) started.

> Task :classes UP-TO-DATE
Skipping task ':classes' as it has no actions.
Resolve mutations for :resolveMainClassName (Thread[Execution worker,5,main]) started.
:resolveMainClassName (Thread[Execution worker Thread 4,5,main]) started.

> Task :resolveMainClassName UP-TO-DATE
Caching disabled for task ':resolveMainClassName' because:
  Build cache is disabled
  Not worth caching
Skipping task ':resolveMainClassName' as it is up-to-date.
Resolve mutations for :bootRun (Thread[Execution worker Thread 4,5,main]) started.
:bootRun (Thread[Execution worker Thread 4,5,main]) started.

> Task :bootRun
Caching disabled for task ':bootRun' because:
  Build cache is disabled
Task ':bootRun' is not up-to-date because:
  Task has not declared any outputs despite executing actions.
Starting process 'command '/Users/dongha/.sdkman/candidates/java/17.0.8-tem/bin/java''. Working directory: /Users/dongha/jungle/aidiary-main Command: /Users/dongha/.sdkman/candidates/java/17.0.8-tem/bin/java -XX:TieredStopAtLevel=1 -Dfile.encoding=UTF-8 -Duser.country=KR -Duser.language=ko -Duser.variant -cp /Users/dongha/jungle/aidiary-main/build/classes/java/main:/Users/dongha/jungle/aidiary-main/build/resources/main:/Users/dongha/.gradle/caches/modules-2/files-2.1/io.jsonwebtoken/jjwt-impl/0.11.5/40a599f0e8a8e4e0701596fbb15e67bfda64fdf0/jjwt-impl-0.11.5.jar:/Users/dongha/.gradle/caches/modules-2/files-2.1/io.jsonwebtoken/jjwt-jackson/0.11.5/3b83a06809e98a69402d7333dcf67df6f6ea4579/jjwt-jackson-0.11.5.jar:/Users/dongha/.gradle/caches/modules-2/files-2.1/io.jsonwebtoken/jjwt-api/0.11.5/f742940045619d06383e7df37b21ac422b476cf1/jjwt-api-0.11.5.jar:/Users/dongha/.gradle/caches/modules-2/files-2.1/org.mariadb.jdbc/mariadb-java-client/3.1.4/7f66d1f5afcacdb11ba34d2614933a206afbcff2/mariadb-java-client-3.1.4.jar:/Users/dongha/.gradle/caches/modules-2/files-2.1/org.springframework.data/spring-data-jpa/3.4.4/50f826d0dd60af289321bde6f5eea8fc48131c75/spring-data-jpa-3.4.4.jar:/Users/dongha/.gradle/caches/modules-2/files-2.1/com.github.waffle/waffle-jna/3.2.0/6ac5882dea3a15575237ef5d1793c51279ae1335/waffle-jna-3.2.0.jar:/Users/dongha/.gradle/caches/modules-2/files-2.1/org.springframework.data/spring-data-redis/3.4.4/4cbfe4e4743bb679dcba0f55eb684521d4016d0/spring-data-redis-3.4.4.jar:/Users/dongha/.gradle/caches/modules-2/files-2.1/com.zaxxer/HikariCP/5.1.0/8c96e36c14461fc436bb02b264b96ef3ca5dca8c/HikariCP-5.1.0.jar:/Users/dongha/.gradle/caches/modules-2/files-2.1/org.springframework.data/spring-data-keyvalue/3.4.4/c328e8f91230b4f12b952e77ff558d22f18c06e0/spring-data-keyvalue-3.4.4.jar:/Users/dongha/.gradle/caches/modules-2/files-2.1/org.springframework.data/spring-data-commons/3.4.4/24bb91254820f1dd3087ae95667e9bb0a6942b23/spring-data-commons-3.4.4.jar:/Users/dongha/.gradle/caches/modules-2/files-2.1/org.slf4j/jcl-over-slf4j/2.0.17/76ea503eb688f06556a9ba69995d7eab63e34531/jcl-over-slf4j-2.0.17.jar:/Users/dongha/.gradle/caches/modules-2/files-2.1/org.springframework.amqp/spring-rabbit/3.2.4/f0966df3661c8b8bc6fa388a75d18394c23076cd/spring-rabbit-3.2.4.jar:/Users/dongha/.gradle/caches/modules-2/files-2.1/com.rabbitmq/amqp-client/5.22.0/d5bf5f55022e14c7bc889fd8750b21cb60db064a/amqp-client-5.22.0.jar:/Users/dongha/.gradle/caches/modules-2/files-2.1/ch.qos.logback/logback-classic/1.5.18/fc371f3fc97a639de2d67947cffb7518ec5e3d40/logback-classic-1.5.18.jar:/Users/dongha/.gradle/caches/modules-2/files-2.1/org.apache.logging.log4j/log4j-to-slf4j/2.24.3/da1143e2a2531ee1c2d90baa98eb50a28a39d5a7/log4j-to-slf4j-2.24.3.jar:/Users/dongha/.gradle/caches/modules-2/files-2.1/org.slf4j/jul-to-slf4j/2.0.17/524cb6ccc2b68a57604750e1ab8b13b5a786a6aa/jul-to-slf4j-2.0.17.jar:/Users/dongha/.gradle/caches/modules-2/files-2.1/org.springdoc/springdoc-openapi-starter-webmvc-ui/2.8.6/1f1e83afb8c6b37777dd8f0b10cb4670b0f05628/springdoc-openapi-starter-webmvc-ui-2.8.6.jar:/Users/dongha/.gradle/caches/modules-2/files-2.1/org.springdoc/springdoc-openapi-starter-webmvc-api/2.8.6/d28bee4cccfebc0ac028c646bb54cac4c151765c/springdoc-openapi-starter-webmvc-api-2.8.6.jar:/Users/dongha/.gradle/caches/modules-2/files-2.1/org.springdoc/springdoc-openapi-starter-common/2.8.6/880d794edd3254766e9a12daad41d75add0073d9/springdoc-openapi-starter-common-2.8.6.jar:/Users/dongha/.gradle/caches/modules-2/files-2.1/io.swagger.core.v3/swagger-core-jakarta/2.2.29/ad7a3b076125ecd61aa19cfe802d174d57f29f10/swagger-core-jakarta-2.2.29.jar:/Users/dongha/.gradle/caches/modules-2/files-2.1/org.slf4j/slf4j-api/2.0.7/41eb7184ea9d556f23e18b5cb99cad1f8581fc00/slf4j-api-2.0.7.jar:/Users/dongha/.gradle/caches/modules-2/files-2.1/org.apache.httpcomponents/httpmime/4.5.13/efc110bad4a0d45cda7858e6beee1d8a8313da5a/httpmime-4.5.13.jar:/Users/dongha/.gradle/caches/modules-2/files-2.1/org.apache.httpcomponents/httpclient/4.5.13/e5f6cae5ca7ecaac1ec2827a9e2d65ae2869cada/httpclient-4.5.13.jar:/Users/dongha/.gradle/caches/modules-2/files-2.1/io.micrometer/micrometer-registry-prometheus/1.14.5/80507de06ff679e0b28e0e1b255e69c6cd7ef91c/micrometer-registry-prometheus-1.14.5.jar:/Users/dongha/.gradle/caches/modules-2/files-2.1/com.github.ben-manes.caffeine/caffeine/3.1.8/24795585df8afaf70a2cd534786904ea5889c047/caffeine-3.1.8.jar:/Users/dongha/.gradle/caches/modules-2/files-2.1/org.springframework.boot/spring-boot-actuator-autoconfigure/3.4.4/d27aab003c7e79cf330117be5daaedecd8a9ebf6/spring-boot-actuator-autoconfigure-3.4.4.jar:/Users/dongha/.gradle/caches/modules-2/files-2.1/com.fasterxml.jackson.datatype/jackson-datatype-jdk8/2.18.3/621558295660935134b171ce2b0d9ad6842ec2ff/jackson-datatype-jdk8-2.18.3.jar:/Users/dongha/.gradle/caches/modules-2/files-2.1/com.fasterxml.jackson.module/jackson-module-parameter-names/2.18.3/fa63ae5eb3956b1a6d7a7ead2b513af89dea22e7/jackson-module-parameter-names-2.18.3.jar:/Users/dongha/.gradle/caches/modules-2/files-2.1/com.fasterxml.jackson.dataformat/jackson-dataformat-yaml/2.18.3/66658356a375664262c227dad09adc51dbc09c54/jackson-dataformat-yaml-2.18.3.jar:/Users/dongha/.gradle/caches/modules-2/files-2.1/com.fasterxml.jackson.core/jackson-databind/2.18.3/537e3886263e3b3464385040453e92567fd509e2/jackson-databind-2.18.3.jar:/Users/dongha/.gradle/caches/modules-2/files-2.1/io.swagger.core.v3/swagger-models-jakarta/2.2.29/2225e869eb78ddd039dd5abc2e5c9bd9abca2114/swagger-models-jakarta-2.2.29.jar:/Users/dongha/.gradle/caches/modules-2/files-2.1/com.fasterxml.jackson.core/jackson-annotations/2.18.3/7fa21cf7da4598f8240e4ebd9779249622af1acd/jackson-annotations-2.18.3.jar:/Users/dongha/.gradle/caches/modules-2/files-2.1/com.fasterxml.jackson.core/jackson-core/2.18.3/78f80c259268200e588aa204dd97ecf09b76916e/jackson-core-2.18.3.jar:/Users/dongha/.gradle/caches/modules-2/files-2.1/com.fasterxml.jackson.datatype/jackson-datatype-jsr310/2.18.3/cc57924cccf42fc852081c36215272f84ffcd991/jackson-datatype-jsr310-2.18.3.jar:/Users/dongha/.gradle/caches/modules-2/files-2.1/com.h2database/h2/2.2.220/afd532e4f29d309ae053e57c853916551c777807/h2-2.2.220.jar:/Users/dongha/.gradle/caches/modules-2/files-2.1/org.springframework/spring-webmvc/6.2.5/db8f1171041d7091f3de80cffdfb9d6c5fbf3015/spring-webmvc-6.2.5.jar:/Users/dongha/.gradle/caches/modules-2/files-2.1/org.springframework.security/spring-security-web/6.4.4/b33b3eba22ef5242caef0cf3c0575b0cc303519b/spring-security-web-6.4.4.jar:/Users/dongha/.gradle/caches/modules-2/files-2.1/org.springframework/spring-web/6.2.5/b42d2c0acbe05bad4c849883aa8816c25b6c1d94/spring-web-6.2.5.jar:/Users/dongha/.gradle/caches/modules-2/files-2.1/org.hibernate.orm/hibernate-core/6.6.11.Final/d5330ab0dd5f5cc810086b7fb66cec8b2d2f5213/hibernate-core-6.6.11.Final.jar:/Users/dongha/.gradle/caches/modules-2/files-2.1/org.springframework/spring-aspects/6.2.5/971b57bb59d4890a3db5f1e20f89effa7df8c149/spring-aspects-6.2.5.jar:/Users/dongha/.gradle/caches/modules-2/files-2.1/org.springframework.security/spring-security-config/6.4.4/2bb5d949fc3b935a88c701555fdc3af3d0381228/spring-security-config-6.4.4.jar:/Users/dongha/.gradle/caches/modules-2/files-2.1/org.springframework.boot/spring-boot-autoconfigure/3.4.4/5ebc8c0682374768ee6eac9acf12f41e76762207/spring-boot-autoconfigure-3.4.4.jar:/Users/dongha/.gradle/caches/modules-2/files-2.1/org.springframework.boot/spring-boot-actuator/3.4.4/299e82b115220a6b36797a4259e506b67d2ee2d5/spring-boot-actuator-3.4.4.jar:/Users/dongha/.gradle/caches/modules-2/files-2.1/org.springframework.boot/spring-boot/3.4.4/f9dbe14c2e5e35a2cd27156802ea6b7c42ab34fd/spring-boot-3.4.4.jar:/Users/dongha/.gradle/caches/modules-2/files-2.1/org.springframework.security/spring-security-core/6.4.4/adccc33ba9baf99b4e42436424a4013f89a8806a/spring-security-core-6.4.4.jar:/Users/dongha/.gradle/caches/modules-2/files-2.1/org.springframework/spring-context-support/6.2.5/a084213d1f07c916e6bc3ff016eb9d3022a4da5c/spring-context-support-6.2.5.jar:/Users/dongha/.gradle/caches/modules-2/files-2.1/org.springframework/spring-context/6.2.5/237de0c3afca2099ab497cc7464726c02b8ab5c5/spring-context-6.2.5.jar:/Users/dongha/.gradle/caches/modules-2/files-2.1/org.springframework/spring-aop/6.2.5/9f436be65bf45ee8643d93e6823d6c81e8f9f91a/spring-aop-6.2.5.jar:/Users/dongha/.gradle/caches/modules-2/files-2.1/org.apache.tomcat.embed/tomcat-embed-el/10.1.39/88ff05c768c4654097ab0a9f2b49368a0877ad76/tomcat-embed-el-10.1.39.jar:/Users/dongha/.gradle/caches/modules-2/files-2.1/org.hibernate.validator/hibernate-validator/8.0.2.Final/220e64815dd87535525331de20570017f899eb13/hibernate-validator-8.0.2.Final.jar:/Users/dongha/.gradle/caches/modules-2/files-2.1/org.webjars/swagger-ui/5.20.1/cedf7971d2dc4ea4948ac379cc33ea5a8666172b/swagger-ui-5.20.1.jar:/Users/dongha/.gradle/caches/modules-2/files-2.1/org.webjars/webjars-locator-lite/1.0.1/b4389136604123d4fe4199cc29b94a33206996bc/webjars-locator-lite-1.0.1.jar:/Users/dongha/.gradle/caches/modules-2/files-2.1/org.apache.httpcomponents/httpcore/4.4.16/51cf043c87253c9f58b539c9f7e44c8894223850/httpcore-4.4.16.jar:/Users/dongha/.gradle/caches/modules-2/files-2.1/commons-logging/commons-logging/1.2/4bfc12adfe4842bf07b657f0369c4cb522955686/commons-logging-1.2.jar:/Users/dongha/.gradle/caches/modules-2/files-2.1/commons-codec/commons-codec/1.17.2/cd6bb9d856db5f61871a94d5801efd0b93b7fcb2/commons-codec-1.17.2.jar:/Users/dongha/.gradle/caches/modules-2/files-2.1/io.micrometer/micrometer-jakarta9/1.14.5/a8dcc8fd9d7eba30fa27d6026e439c3c917a80bb/micrometer-jakarta9-1.14.5.jar:/Users/dongha/.gradle/caches/modules-2/files-2.1/io.micrometer/micrometer-core/1.14.5/219117417c2893a62bfe84ea70c4ef8d1ea2da5e/micrometer-core-1.14.5.jar:/Users/dongha/.gradle/caches/modules-2/files-2.1/io.micrometer/micrometer-observation/1.14.5/b23dff6bf07a29f67fdae8f3f3f8f1c78fa7b126/micrometer-observation-1.14.5.jar:/Users/dongha/.gradle/caches/modules-2/files-2.1/io.prometheus/prometheus-metrics-core/1.3.6/44ed241094654bc74b92190e2b20053cfe025c72/prometheus-metrics-core-1.3.6.jar:/Users/dongha/.gradle/caches/modules-2/files-2.1/io.prometheus/prometheus-metrics-tracer-common/1.3.6/a690d4105fbb74b4d426ad361473e42dfaf400f9/prometheus-metrics-tracer-common-1.3.6.jar:/Users/dongha/.gradle/caches/modules-2/files-2.1/io.prometheus/prometheus-metrics-exposition-formats/1.3.6/13189bdc1931415f03c8993798902cec8e54fb10/prometheus-metrics-exposition-formats-1.3.6.jar:/Users/dongha/.gradle/caches/modules-2/files-2.1/org.springframework/spring-messaging/6.2.5/977fa11f45ce6391b4e1e76830f08b0647fe44a9/spring-messaging-6.2.5.jar:/Users/dongha/.gradle/caches/modules-2/files-2.1/io.lettuce/lettuce-core/6.4.2.RELEASE/8969c20697c74b71288d4d5e69b0fec4047d3d6d/lettuce-core-6.4.2.RELEASE.jar:/Users/dongha/.gradle/caches/modules-2/files-2.1/org.checkerframework/checker-qual/3.37.0/ba74746d38026581c12166e164bb3c15e90cc4ea/checker-qual-3.37.0.jar:/Users/dongha/.gradle/caches/modules-2/files-2.1/com.google.errorprone/error_prone_annotations/2.21.1/6d9b10773b5237df178a7b3c1b4208df7d0e7f94/error_prone_annotations-2.21.1.jar:/Users/dongha/.gradle/caches/modules-2/files-2.1/jakarta.annotation/jakarta.annotation-api/2.1.1/48b9bda22b091b1f48b13af03fe36db3be6e1ae3/jakarta.annotation-api-2.1.1.jar:/Users/dongha/.gradle/caches/modules-2/files-2.1/org.springframework/spring-orm/6.2.5/b2edc79b16b9cad32666dfdc8cc92896429b9c/spring-orm-6.2.5.jar:/Users/dongha/.gradle/caches/modules-2/files-2.1/org.springframework/spring-jdbc/6.2.5/6eef7c5ac8266aa308522568d98669d82e8ef61f/spring-jdbc-6.2.5.jar:/Users/dongha/.gradle/caches/modules-2/files-2.1/org.springframework/spring-tx/6.2.5/99ecc1c976f58ad63df7205e18eac628f2f1fa9a/spring-tx-6.2.5.jar:/Users/dongha/.gradle/caches/modules-2/files-2.1/org.springframework/spring-oxm/6.2.5/5c561804b5a2903efefd875d3b940595126a3172/spring-oxm-6.2.5.jar:/Users/dongha/.gradle/caches/modules-2/files-2.1/org.springframework/spring-beans/6.2.5/6f8eb671d9905da5a73bc9ab7e703e9fed6a0c3f/spring-beans-6.2.5.jar:/Users/dongha/.gradle/caches/modules-2/files-2.1/org.springframework/spring-expression/6.2.5/cb39181911dabe3b3d9992c4b4da38468726ea72/spring-expression-6.2.5.jar:/Users/dongha/.gradle/caches/modules-2/files-2.1/org.springframework.amqp/spring-amqp/3.2.4/caae1dc74d82e4f2d2b8df19a36bbacc19736bf7/spring-amqp-3.2.4.jar:/Users/dongha/.gradle/caches/modules-2/files-2.1/org.springframework/spring-core/6.2.5/d6786db7122037bf605e54e3b35f262a19b8d502/spring-core-6.2.5.jar:/Users/dongha/.gradle/caches/modules-2/files-2.1/org.yaml/snakeyaml/2.3/936b36210e27320f920536f695cf1af210c44586/snakeyaml-2.3.jar:/Users/dongha/.gradle/caches/modules-2/files-2.1/org.apache.tomcat.embed/tomcat-embed-websocket/10.1.39/abf50abbbae651f95dfcf9fae05f919bfa9b7046/tomcat-embed-websocket-10.1.39.jar:/Users/dongha/.gradle/caches/modules-2/files-2.1/org.apache.tomcat.embed/tomcat-embed-core/10.1.39/f6acead04214d5aaea82c2639392208df33b3abe/tomcat-embed-core-10.1.39.jar:/Users/dongha/.gradle/caches/modules-2/files-2.1/jakarta.persistence/jakarta.persistence-api/3.1.0/66901fa1c373c6aff65c13791cc11da72060a8d6/jakarta.persistence-api-3.1.0.jar:/Users/dongha/.gradle/caches/modules-2/files-2.1/jakarta.transaction/jakarta.transaction-api/2.0.1/51a520e3fae406abb84e2e1148e6746ce3f80a1a/jakarta.transaction-api-2.0.1.jar:/Users/dongha/.gradle/caches/modules-2/files-2.1/org.jboss.logging/jboss-logging/3.6.1.Final/886afbb445b4016a37c8960a7aef6ebd769ce7e5/jboss-logging-3.6.1.Final.jar:/Users/dongha/.gradle/caches/modules-2/files-2.1/org.hibernate.common/hibernate-commons-annotations/7.0.3.Final/e183c4be8bb41d12e9f19b374e00c34a0a85f439/hibernate-commons-annotations-7.0.3.Final.jar:/Users/dongha/.gradle/caches/modules-2/files-2.1/io.smallrye/jandex/3.2.0/f17ad860f62a08487b9edabde608f8ac55c62fa7/jandex-3.2.0.jar:/Users/dongha/.gradle/caches/modules-2/files-2.1/com.fasterxml/classmate/1.7.0/e98374da1f2143ac8e6e0a95036994bb19137a3/classmate-1.7.0.jar:/Users/dongha/.gradle/caches/modules-2/files-2.1/net.bytebuddy/byte-buddy/1.15.11/f61886478e0f9ee4c21d09574736f0ff45e0a46c/byte-buddy-1.15.11.jar:/Users/dongha/.gradle/caches/modules-2/files-2.1/org.glassfish.jaxb/jaxb-runtime/4.0.5/ca84c2a7169b5293e232b9d00d1e4e36d4c3914a/jaxb-runtime-4.0.5.jar:/Users/dongha/.gradle/caches/modules-2/files-2.1/org.glassfish.jaxb/jaxb-core/4.0.5/7b4b11ea5542eea4ad55e1080b23be436795b3/jaxb-core-4.0.5.jar:/Users/dongha/.gradle/caches/modules-2/files-2.1/jakarta.xml.bind/jakarta.xml.bind-api/4.0.2/6cd5a999b834b63238005b7144136379dc36cad2/jakarta.xml.bind-api-4.0.2.jar:/Users/dongha/.gradle/caches/modules-2/files-2.1/jakarta.inject/jakarta.inject-api/2.0.1/4c28afe1991a941d7702fe1362c365f0a8641d1e/jakarta.inject-api-2.0.1.jar:/Users/dongha/.gradle/caches/modules-2/files-2.1/org.antlr/antlr4-runtime/4.13.0/5a02e48521624faaf5ff4d99afc88b01686af655/antlr4-runtime-4.13.0.jar:/Users/dongha/.gradle/caches/modules-2/files-2.1/org.aspectj/aspectjweaver/1.9.23/5b2fd88a62b334f51ac7d002b57dfccd68b22724/aspectjweaver-1.9.23.jar:/Users/dongha/.gradle/caches/modules-2/files-2.1/net.java.dev.jna/jna-platform/5.12.1/97406a297c852f4a41e688a176ec675f72e8329/jna-platform-5.12.1.jar:/Users/dongha/.gradle/caches/modules-2/files-2.1/net.java.dev.jna/jna/5.12.1/b1e93a735caea94f503e95e6fe79bf9cdc1e985d/jna-5.12.1.jar:/Users/dongha/.gradle/caches/modules-2/files-2.1/jakarta.validation/jakarta.validation-api/3.0.2/92b6631659ba35ca09e44874d3eb936edfeee532/jakarta.validation-api-3.0.2.jar:/Users/dongha/.gradle/caches/modules-2/files-2.1/org.jspecify/jspecify/1.0.0/7425a601c1c7ec76645a78d22b8c6a627edee507/jspecify-1.0.0.jar:/Users/dongha/.gradle/caches/modules-2/files-2.1/io.micrometer/micrometer-commons/1.14.5/6201a40489ccedc9539c5f7a2c84e9e64702bf10/micrometer-commons-1.14.5.jar:/Users/dongha/.gradle/caches/modules-2/files-2.1/org.hdrhistogram/HdrHistogram/2.2.2/7959933ebcc0f05b2eaa5af0a0c8689fa257b15c/HdrHistogram-2.2.2.jar:/Users/dongha/.gradle/caches/modules-2/files-2.1/org.latencyutils/LatencyUtils/2.0.3/769c0b82cb2421c8256300e907298a9410a2a3d3/LatencyUtils-2.0.3.jar:/Users/dongha/.gradle/caches/modules-2/files-2.1/io.prometheus/prometheus-metrics-exposition-textformats/1.3.6/dd3bc5613557d700d7f9f8d6fc466fd8f9ae15c4/prometheus-metrics-exposition-textformats-1.3.6.jar:/Users/dongha/.gradle/caches/modules-2/files-2.1/io.prometheus/prometheus-metrics-model/1.3.6/c596fb819e2210ed0b342b9bd89b1fbb7b80b6f9/prometheus-metrics-model-1.3.6.jar:/Users/dongha/.gradle/caches/modules-2/files-2.1/io.prometheus/prometheus-metrics-config/1.3.6/752835b9c6864548517543bee2541dc49b2328e4/prometheus-metrics-config-1.3.6.jar:/Users/dongha/.gradle/caches/modules-2/files-2.1/io.netty/netty-handler/4.1.119.Final/a0059b8d779ce566b524efd6d73ba4fcff3cd5d9/netty-handler-4.1.119.Final.jar:/Users/dongha/.gradle/caches/modules-2/files-2.1/io.netty/netty-transport-native-unix-common/4.1.119.Final/55afdeb456bccf8eecb06431f3c1537269afe9af/netty-transport-native-unix-common-4.1.119.Final.jar:/Users/dongha/.gradle/caches/modules-2/files-2.1/io.netty/netty-codec/4.1.119.Final/337ca8e8c3ef23925e02d56347b414d7616d1d02/netty-codec-4.1.119.Final.jar:/Users/dongha/.gradle/caches/modules-2/files-2.1/io.netty/netty-transport/4.1.119.Final/d05df879054297962d056b77460fc4ff20e30073/netty-transport-4.1.119.Final.jar:/Users/dongha/.gradle/caches/modules-2/files-2.1/io.netty/netty-resolver/4.1.119.Final/e1f7c90aff71bdf0e2294a200b5f89244f88dcf7/netty-resolver-4.1.119.Final.jar:/Users/dongha/.gradle/caches/modules-2/files-2.1/io.netty/netty-buffer/4.1.119.Final/5864149b2e5a2af7b05fe9e9dc3e4b70d3060a7c/netty-buffer-4.1.119.Final.jar:/Users/dongha/.gradle/caches/modules-2/files-2.1/io.netty/netty-common/4.1.119.Final/2f7c360b03c0aceab7efc1f7c2b75274f0f35909/netty-common-4.1.119.Final.jar:/Users/dongha/.gradle/caches/modules-2/files-2.1/io.projectreactor/reactor-core/3.7.4/3f258a092f83615275d2b58b1e71d0d172dc374e/reactor-core-3.7.4.jar:/Users/dongha/.gradle/caches/modules-2/files-2.1/org.springframework/spring-jcl/6.2.5/1b8db3715dc78bd18b60869458d5ee8829ad8e99/spring-jcl-6.2.5.jar:/Users/dongha/.gradle/caches/modules-2/files-2.1/org.eclipse.angus/angus-activation/2.0.2/41f1e0ddd157c856926ed149ab837d110955a9fc/angus-activation-2.0.2.jar:/Users/dongha/.gradle/caches/modules-2/files-2.1/jakarta.activation/jakarta.activation-api/2.1.3/fa165bd70cda600368eee31555222776a46b881f/jakarta.activation-api-2.1.3.jar:/Users/dongha/.gradle/caches/modules-2/files-2.1/org.springframework.security/spring-security-crypto/6.4.4/914088f7c73375ee02cbe69c159b6460dc2f346b/spring-security-crypto-6.4.4.jar:/Users/dongha/.gradle/caches/modules-2/files-2.1/org.springframework.retry/spring-retry/2.0.11/bd4fae67445baf330b69b6b786748a308ab31f6/spring-retry-2.0.11.jar:/Users/dongha/.gradle/caches/modules-2/files-2.1/org.reactivestreams/reactive-streams/1.0.4/3864a1320d97d7b045f729a326e1e077661f31b7/reactive-streams-1.0.4.jar:/Users/dongha/.gradle/caches/modules-2/files-2.1/ch.qos.logback/logback-core/1.5.18/6c0375624f6f36b4e089e2488ba21334a11ef13f/logback-core-1.5.18.jar:/Users/dongha/.gradle/caches/modules-2/files-2.1/org.apache.logging.log4j/log4j-api/2.24.3/b02c125db8b6d295adf72ae6e71af5d83bce2370/log4j-api-2.24.3.jar:/Users/dongha/.gradle/caches/modules-2/files-2.1/org.glassfish.jaxb/txw2/4.0.5/f36a4ef12120a9bb06d766d6a0e54b144fd7ed98/txw2-4.0.5.jar:/Users/dongha/.gradle/caches/modules-2/files-2.1/com.sun.istack/istack-commons-runtime/4.1.2/18ec117c85f3ba0ac65409136afa8e42bc74e739/istack-commons-runtime-4.1.2.jar:/Users/dongha/.gradle/caches/modules-2/files-2.1/org.apache.commons/commons-lang3/3.17.0/b17d2136f0460dcc0d2016ceefca8723bdf4ee70/commons-lang3-3.17.0.jar:/Users/dongha/.gradle/caches/modules-2/files-2.1/io.swagger.core.v3/swagger-annotations-jakarta/2.2.29/e2718102ee6e460c41527ee9a4e0e5ee4ba999df/swagger-annotations-jakarta-2.2.29.jar org.aidiary.AidiaryApplication
Successfully started process 'command '/Users/dongha/.sdkman/candidates/java/17.0.8-tem/bin/java''

  .   ____          _            __ _ _
 /\\ / ___'_ __ _ _(_)_ __  __ _ \ \ \ \
( ( )\___ | '_ | '_| | '_ \/ _` | \ \ \ \
 \\/  ___)| |_)| | | | | || (_| |  ) ) ) )
  '  |____| .__|_| |_|_| |_\__, | / / / /
 =========|_|==============|___/=/_/_/_/

 :: Spring Boot ::                (v3.4.4)

2026-03-16T19:43:40.977+09:00  INFO 20817 --- [           main] org.aidiary.AidiaryApplication           : Starting AidiaryApplication using Java 17.0.8 with PID 20817 (/Users/dongha/jungle/aidiary-main/build/classes/java/main started by dongha in /Users/dongha/jungle/aidiary-main)
2026-03-16T19:43:40.979+09:00  INFO 20817 --- [           main] org.aidiary.AidiaryApplication           : No active profile set, falling back to 1 default profile: "default"
2026-03-16T19:43:41.759+09:00  INFO 20817 --- [           main] .s.d.r.c.RepositoryConfigurationDelegate : Multiple Spring Data modules found, entering strict repository configuration mode
2026-03-16T19:43:41.760+09:00  INFO 20817 --- [           main] .s.d.r.c.RepositoryConfigurationDelegate : Bootstrapping Spring Data JPA repositories in DEFAULT mode.
2026-03-16T19:43:41.908+09:00  INFO 20817 --- [           main] .s.d.r.c.RepositoryConfigurationDelegate : Finished Spring Data repository scanning in 138 ms. Found 8 JPA repository interfaces.
2026-03-16T19:43:41.919+09:00  INFO 20817 --- [           main] .s.d.r.c.RepositoryConfigurationDelegate : Multiple Spring Data modules found, entering strict repository configuration mode
2026-03-16T19:43:41.920+09:00  INFO 20817 --- [           main] .s.d.r.c.RepositoryConfigurationDelegate : Bootstrapping Spring Data Redis repositories in DEFAULT mode.
2026-03-16T19:43:41.934+09:00  INFO 20817 --- [           main] .RepositoryConfigurationExtensionSupport : Spring Data Redis - Could not safely identify store assignment for repository candidate interface org.aidiary.repository.BenefitCheckRepository; If you want this repository to be a Redis repository, consider annotating your entities with one of these annotations: org.springframework.data.redis.core.RedisHash (preferred), or consider extending one of the following types with your repository: org.springframework.data.keyvalue.repository.KeyValueRepository
2026-03-16T19:43:41.934+09:00  INFO 20817 --- [           main] .RepositoryConfigurationExtensionSupport : Spring Data Redis - Could not safely identify store assignment for repository candidate interface org.aidiary.repository.BenefitRepository; If you want this repository to be a Redis repository, consider annotating your entities with one of these annotations: org.springframework.data.redis.core.RedisHash (preferred), or consider extending one of the following types with your repository: org.springframework.data.keyvalue.repository.KeyValueRepository
2026-03-16T19:43:41.934+09:00  INFO 20817 --- [           main] .RepositoryConfigurationExtensionSupport : Spring Data Redis - Could not safely identify store assignment for repository candidate interface org.aidiary.repository.ChildRepository; If you want this repository to be a Redis repository, consider annotating your entities with one of these annotations: org.springframework.data.redis.core.RedisHash (preferred), or consider extending one of the following types with your repository: org.springframework.data.keyvalue.repository.KeyValueRepository
2026-03-16T19:43:41.934+09:00  INFO 20817 --- [           main] .RepositoryConfigurationExtensionSupport : Spring Data Redis - Could not safely identify store assignment for repository candidate interface org.aidiary.repository.DiaryRepository; If you want this repository to be a Redis repository, consider annotating your entities with one of these annotations: org.springframework.data.redis.core.RedisHash (preferred), or consider extending one of the following types with your repository: org.springframework.data.keyvalue.repository.KeyValueRepository
2026-03-16T19:43:41.935+09:00  INFO 20817 --- [           main] .RepositoryConfigurationExtensionSupport : Spring Data Redis - Could not safely identify store assignment for repository candidate interface org.aidiary.repository.FetalMovementRepository; If you want this repository to be a Redis repository, consider annotating your entities with one of these annotations: org.springframework.data.redis.core.RedisHash (preferred), or consider extending one of the following types with your repository: org.springframework.data.keyvalue.repository.KeyValueRepository
2026-03-16T19:43:41.935+09:00  INFO 20817 --- [           main] .RepositoryConfigurationExtensionSupport : Spring Data Redis - Could not safely identify store assignment for repository candidate interface org.aidiary.repository.HealthMetricRepository; If you want this repository to be a Redis repository, consider annotating your entities with one of these annotations: org.springframework.data.redis.core.RedisHash (preferred), or consider extending one of the following types with your repository: org.springframework.data.keyvalue.repository.KeyValueRepository
2026-03-16T19:43:41.935+09:00  INFO 20817 --- [           main] .RepositoryConfigurationExtensionSupport : Spring Data Redis - Could not safely identify store assignment for repository candidate interface org.aidiary.repository.PersonalizedWeekContentRepository; If you want this repository to be a Redis repository, consider annotating your entities with one of these annotations: org.springframework.data.redis.core.RedisHash (preferred), or consider extending one of the following types with your repository: org.springframework.data.keyvalue.repository.KeyValueRepository
2026-03-16T19:43:41.935+09:00  INFO 20817 --- [           main] .RepositoryConfigurationExtensionSupport : Spring Data Redis - Could not safely identify store assignment for repository candidate interface org.aidiary.repository.UserRepository; If you want this repository to be a Redis repository, consider annotating your entities with one of these annotations: org.springframework.data.redis.core.RedisHash (preferred), or consider extending one of the following types with your repository: org.springframework.data.keyvalue.repository.KeyValueRepository
2026-03-16T19:43:41.935+09:00  INFO 20817 --- [           main] .s.d.r.c.RepositoryConfigurationDelegate : Finished Spring Data repository scanning in 6 ms. Found 0 Redis repository interfaces.
2026-03-16T19:43:42.402+09:00  INFO 20817 --- [           main] o.s.b.w.embedded.tomcat.TomcatWebServer  : Tomcat initialized with port 8080 (http)
2026-03-16T19:43:42.412+09:00  INFO 20817 --- [           main] o.apache.catalina.core.StandardService   : Starting service [Tomcat]
2026-03-16T19:43:42.412+09:00  INFO 20817 --- [           main] o.apache.catalina.core.StandardEngine    : Starting Servlet engine: [Apache Tomcat/10.1.39]
2026-03-16T19:43:42.446+09:00  INFO 20817 --- [           main] o.a.c.c.C.[Tomcat].[localhost].[/]       : Initializing Spring embedded WebApplicationContext
2026-03-16T19:43:42.446+09:00  INFO 20817 --- [           main] w.s.c.ServletWebServerApplicationContext : Root WebApplicationContext: initialization completed in 1441 ms
2026-03-16T19:43:42.539+09:00 ERROR 20817 --- [           main] o.s.b.web.embedded.tomcat.TomcatStarter  : Error starting Tomcat context. Exception: org.springframework.beans.factory.UnsatisfiedDependencyException. Message: Error creating bean with name 'securityConfig' defined in file [/Users/dongha/jungle/aidiary-main/build/classes/java/main/org/aidiary/config/SecurityConfig.class]: Unsatisfied dependency expressed through constructor parameter 0: Error creating bean with name 'jwtTokenProvider' defined in file [/Users/dongha/jungle/aidiary-main/build/classes/java/main/org/aidiary/security/JwtTokenProvider.class]: Unexpected exception during bean creation
2026-03-16T19:43:42.554+09:00  INFO 20817 --- [           main] o.apache.catalina.core.StandardService   : Stopping service [Tomcat]
2026-03-16T19:43:42.558+09:00  WARN 20817 --- [           main] ConfigServletWebServerApplicationContext : Exception encountered during context initialization - cancelling refresh attempt: org.springframework.context.ApplicationContextException: Unable to start web server
2026-03-16T19:43:42.569+09:00  INFO 20817 --- [           main] .s.b.a.l.ConditionEvaluationReportLogger : 

Error starting ApplicationContext. To display the condition evaluation report re-run your application with 'debug' enabled.
2026-03-16T19:43:42.579+09:00 ERROR 20817 --- [           main] o.s.boot.SpringApplication               : Application run failed

org.springframework.context.ApplicationContextException: Unable to start web server
	at org.springframework.boot.web.servlet.context.ServletWebServerApplicationContext.onRefresh(ServletWebServerApplicationContext.java:170) ~[spring-boot-3.4.4.jar:3.4.4]
	at org.springframework.context.support.AbstractApplicationContext.refresh(AbstractApplicationContext.java:621) ~[spring-context-6.2.5.jar:6.2.5]
	at org.springframework.boot.web.servlet.context.ServletWebServerApplicationContext.refresh(ServletWebServerApplicationContext.java:146) ~[spring-boot-3.4.4.jar:3.4.4]
	at org.springframework.boot.SpringApplication.refresh(SpringApplication.java:752) ~[spring-boot-3.4.4.jar:3.4.4]
	at org.springframework.boot.SpringApplication.refreshContext(SpringApplication.java:439) ~[spring-boot-3.4.4.jar:3.4.4]
	at org.springframework.boot.SpringApplication.run(SpringApplication.java:318) ~[spring-boot-3.4.4.jar:3.4.4]
	at org.springframework.boot.SpringApplication.run(SpringApplication.java:1361) ~[spring-boot-3.4.4.jar:3.4.4]
	at org.springframework.boot.SpringApplication.run(SpringApplication.java:1350) ~[spring-boot-3.4.4.jar:3.4.4]
	at org.aidiary.AidiaryApplication.main(AidiaryApplication.java:19) ~[main/:na]
Caused by: org.springframework.boot.web.server.WebServerException: Unable to start embedded Tomcat
	at org.springframework.boot.web.embedded.tomcat.TomcatWebServer.initialize(TomcatWebServer.java:147) ~[spring-boot-3.4.4.jar:3.4.4]
	at org.springframework.boot.web.embedded.tomcat.TomcatWebServer.<init>(TomcatWebServer.java:107) ~[spring-boot-3.4.4.jar:3.4.4]
	at org.springframework.boot.web.embedded.tomcat.TomcatServletWebServerFactory.getTomcatWebServer(TomcatServletWebServerFactory.java:517) ~[spring-boot-3.4.4.jar:3.4.4]
	at org.springframework.boot.web.embedded.tomcat.TomcatServletWebServerFactory.getWebServer(TomcatServletWebServerFactory.java:219) ~[spring-boot-3.4.4.jar:3.4.4]
	at org.springframework.boot.web.servlet.context.ServletWebServerApplicationContext.createWebServer(ServletWebServerApplicationContext.java:193) ~[spring-boot-3.4.4.jar:3.4.4]
	at org.springframework.boot.web.servlet.context.ServletWebServerApplicationContext.onRefresh(ServletWebServerApplicationContext.java:167) ~[spring-boot-3.4.4.jar:3.4.4]
	... 8 common frames omitted
Caused by: org.springframework.beans.factory.UnsatisfiedDependencyException: Error creating bean with name 'securityConfig' defined in file [/Users/dongha/jungle/aidiary-main/build/classes/java/main/org/aidiary/config/SecurityConfig.class]: Unsatisfied dependency expressed through constructor parameter 0: Error creating bean with name 'jwtTokenProvider' defined in file [/Users/dongha/jungle/aidiary-main/build/classes/java/main/org/aidiary/security/JwtTokenProvider.class]: Unexpected exception during bean creation
	at org.springframework.beans.factory.support.ConstructorResolver.createArgumentArray(ConstructorResolver.java:804) ~[spring-beans-6.2.5.jar:6.2.5]
	at org.springframework.beans.factory.support.ConstructorResolver.autowireConstructor(ConstructorResolver.java:240) ~[spring-beans-6.2.5.jar:6.2.5]
	at org.springframework.beans.factory.support.AbstractAutowireCapableBeanFactory.autowireConstructor(AbstractAutowireCapableBeanFactory.java:1381) ~[spring-beans-6.2.5.jar:6.2.5]
	at org.springframework.beans.factory.support.AbstractAutowireCapableBeanFactory.createBeanInstance(AbstractAutowireCapableBeanFactory.java:1218) ~[spring-beans-6.2.5.jar:6.2.5]
	at org.springframework.beans.factory.support.AbstractAutowireCapableBeanFactory.doCreateBean(AbstractAutowireCapableBeanFactory.java:563) ~[spring-beans-6.2.5.jar:6.2.5]
	at org.springframework.beans.factory.support.AbstractAutowireCapableBeanFactory.createBean(AbstractAutowireCapableBeanFactory.java:523) ~[spring-beans-6.2.5.jar:6.2.5]
	at org.springframework.beans.factory.support.AbstractBeanFactory.lambda$doGetBean$0(AbstractBeanFactory.java:339) ~[spring-beans-6.2.5.jar:6.2.5]
	at org.springframework.beans.factory.support.DefaultSingletonBeanRegistry.getSingleton(DefaultSingletonBeanRegistry.java:347) ~[spring-beans-6.2.5.jar:6.2.5]
	at org.springframework.beans.factory.support.AbstractBeanFactory.doGetBean(AbstractBeanFactory.java:337) ~[spring-beans-6.2.5.jar:6.2.5]
	at org.springframework.beans.factory.support.AbstractBeanFactory.getBean(AbstractBeanFactory.java:202) ~[spring-beans-6.2.5.jar:6.2.5]
	at org.springframework.beans.factory.support.ConstructorResolver.instantiateUsingFactoryMethod(ConstructorResolver.java:413) ~[spring-beans-6.2.5.jar:6.2.5]
	at org.springframework.beans.factory.support.AbstractAutowireCapableBeanFactory.instantiateUsingFactoryMethod(AbstractAutowireCapableBeanFactory.java:1361) ~[spring-beans-6.2.5.jar:6.2.5]
	at org.springframework.beans.factory.support.AbstractAutowireCapableBeanFactory.createBeanInstance(AbstractAutowireCapableBeanFactory.java:1191) ~[spring-beans-6.2.5.jar:6.2.5]
	at org.springframework.beans.factory.support.AbstractAutowireCapableBeanFactory.doCreateBean(AbstractAutowireCapableBeanFactory.java:563) ~[spring-beans-6.2.5.jar:6.2.5]
	at org.springframework.beans.factory.support.AbstractAutowireCapableBeanFactory.createBean(AbstractAutowireCapableBeanFactory.java:523) ~[spring-beans-6.2.5.jar:6.2.5]
	at org.springframework.beans.factory.support.AbstractBeanFactory.lambda$doGetBean$0(AbstractBeanFactory.java:339) ~[spring-beans-6.2.5.jar:6.2.5]
	at org.springframework.beans.factory.support.DefaultSingletonBeanRegistry.getSingleton(DefaultSingletonBeanRegistry.java:347) ~[spring-beans-6.2.5.jar:6.2.5]
	at org.springframework.beans.factory.support.AbstractBeanFactory.doGetBean(AbstractBeanFactory.java:337) ~[spring-beans-6.2.5.jar:6.2.5]
	at org.springframework.beans.factory.support.AbstractBeanFactory.getBean(AbstractBeanFactory.java:207) ~[spring-beans-6.2.5.jar:6.2.5]
	at org.springframework.boot.web.servlet.ServletContextInitializerBeans.getOrderedBeansOfType(ServletContextInitializerBeans.java:211) ~[spring-boot-3.4.4.jar:3.4.4]
	at org.springframework.boot.web.servlet.ServletContextInitializerBeans.addAsRegistrationBean(ServletContextInitializerBeans.java:174) ~[spring-boot-3.4.4.jar:3.4.4]
	at org.springframework.boot.web.servlet.ServletContextInitializerBeans.addAsRegistrationBean(ServletContextInitializerBeans.java:169) ~[spring-boot-3.4.4.jar:3.4.4]
	at org.springframework.boot.web.servlet.ServletContextInitializerBeans.addAdaptableBeans(ServletContextInitializerBeans.java:154) ~[spring-boot-3.4.4.jar:3.4.4]
	at org.springframework.boot.web.servlet.ServletContextInitializerBeans.<init>(ServletContextInitializerBeans.java:87) ~[spring-boot-3.4.4.jar:3.4.4]
	at org.springframework.boot.web.servlet.context.ServletWebServerApplicationContext.getServletContextInitializerBeans(ServletWebServerApplicationContext.java:271) ~[spring-boot-3.4.4.jar:3.4.4]
	at org.springframework.boot.web.servlet.context.ServletWebServerApplicationContext.selfInitialize(ServletWebServerApplicationContext.java:245) ~[spring-boot-3.4.4.jar:3.4.4]
	at org.springframework.boot.web.embedded.tomcat.TomcatStarter.onStartup(TomcatStarter.java:52) ~[spring-boot-3.4.4.jar:3.4.4]
	at org.apache.catalina.core.StandardContext.startInternal(StandardContext.java:4467) ~[tomcat-embed-core-10.1.39.jar:10.1.39]
	at org.apache.catalina.util.LifecycleBase.start(LifecycleBase.java:164) ~[tomcat-embed-core-10.1.39.jar:10.1.39]
	at org.apache.catalina.core.ContainerBase$StartChild.call(ContainerBase.java:1203) ~[tomcat-embed-core-10.1.39.jar:10.1.39]
	at org.apache.catalina.core.ContainerBase$StartChild.call(ContainerBase.java:1193) ~[tomcat-embed-core-10.1.39.jar:10.1.39]
	at java.base/java.util.concurrent.FutureTask.run(FutureTask.java:264) ~[na:na]
	at org.apache.tomcat.util.threads.InlineExecutorService.execute(InlineExecutorService.java:75) ~[tomcat-embed-core-10.1.39.jar:10.1.39]
	at java.base/java.util.concurrent.AbstractExecutorService.submit(AbstractExecutorService.java:145) ~[na:na]
	at org.apache.catalina.core.ContainerBase.startInternal(ContainerBase.java:749) ~[tomcat-embed-core-10.1.39.jar:10.1.39]
	at org.apache.catalina.core.StandardHost.startInternal(StandardHost.java:772) ~[tomcat-embed-core-10.1.39.jar:10.1.39]
	at org.apache.catalina.util.LifecycleBase.start(LifecycleBase.java:164) ~[tomcat-embed-core-10.1.39.jar:10.1.39]
	at org.apache.catalina.core.ContainerBase$StartChild.call(ContainerBase.java:1203) ~[tomcat-embed-core-10.1.39.jar:10.1.39]
	at org.apache.catalina.core.ContainerBase$StartChild.call(ContainerBase.java:1193) ~[tomcat-embed-core-10.1.39.jar:10.1.39]
	at java.base/java.util.concurrent.FutureTask.run(FutureTask.java:264) ~[na:na]
	at org.apache.tomcat.util.threads.InlineExecutorService.execute(InlineExecutorService.java:75) ~[tomcat-embed-core-10.1.39.jar:10.1.39]
	at java.base/java.util.concurrent.AbstractExecutorService.submit(AbstractExecutorService.java:145) ~[na:na]
	at org.apache.catalina.core.ContainerBase.startInternal(ContainerBase.java:749) ~[tomcat-embed-core-10.1.39.jar:10.1.39]
	at org.apache.catalina.core.StandardEngine.startInternal(StandardEngine.java:203) ~[tomcat-embed-core-10.1.39.jar:10.1.39]
	at org.apache.catalina.util.LifecycleBase.start(LifecycleBase.java:164) ~[tomcat-embed-core-10.1.39.jar:10.1.39]
	at org.apache.catalina.core.StandardService.startInternal(StandardService.java:415) ~[tomcat-embed-core-10.1.39.jar:10.1.39]
	at org.apache.catalina.util.LifecycleBase.start(LifecycleBase.java:164) ~[tomcat-embed-core-10.1.39.jar:10.1.39]
	at org.apache.catalina.core.StandardServer.startInternal(StandardServer.java:870) ~[tomcat-embed-core-10.1.39.jar:10.1.39]
	at org.apache.catalina.util.LifecycleBase.start(LifecycleBase.java:164) ~[tomcat-embed-core-10.1.39.jar:10.1.39]
	at org.apache.catalina.startup.Tomcat.start(Tomcat.java:437) ~[tomcat-embed-core-10.1.39.jar:10.1.39]
	at org.springframework.boot.web.embedded.tomcat.TomcatWebServer.initialize(TomcatWebServer.java:128) ~[spring-boot-3.4.4.jar:3.4.4]
	... 13 common frames omitted
Caused by: org.springframework.beans.factory.BeanCreationException: Error creating bean with name 'jwtTokenProvider' defined in file [/Users/dongha/jungle/aidiary-main/build/classes/java/main/org/aidiary/security/JwtTokenProvider.class]: Unexpected exception during bean creation
	at org.springframework.beans.factory.support.AbstractAutowireCapableBeanFactory.createBean(AbstractAutowireCapableBeanFactory.java:536) ~[spring-beans-6.2.5.jar:6.2.5]
	at org.springframework.beans.factory.support.AbstractBeanFactory.lambda$doGetBean$0(AbstractBeanFactory.java:339) ~[spring-beans-6.2.5.jar:6.2.5]
	at org.springframework.beans.factory.support.DefaultSingletonBeanRegistry.getSingleton(DefaultSingletonBeanRegistry.java:347) ~[spring-beans-6.2.5.jar:6.2.5]
	at org.springframework.beans.factory.support.AbstractBeanFactory.doGetBean(AbstractBeanFactory.java:337) ~[spring-beans-6.2.5.jar:6.2.5]
	at org.springframework.beans.factory.support.AbstractBeanFactory.getBean(AbstractBeanFactory.java:202) ~[spring-beans-6.2.5.jar:6.2.5]
	at org.springframework.beans.factory.support.DefaultListableBeanFactory.doResolveDependency(DefaultListableBeanFactory.java:1609) ~[spring-beans-6.2.5.jar:6.2.5]
	at org.springframework.beans.factory.support.DefaultListableBeanFactory.resolveDependency(DefaultListableBeanFactory.java:1555) ~[spring-beans-6.2.5.jar:6.2.5]
	at org.springframework.beans.factory.support.ConstructorResolver.resolveAutowiredArgument(ConstructorResolver.java:913) ~[spring-beans-6.2.5.jar:6.2.5]
	at org.springframework.beans.factory.support.ConstructorResolver.createArgumentArray(ConstructorResolver.java:791) ~[spring-beans-6.2.5.jar:6.2.5]
	... 63 common frames omitted
Caused by: org.springframework.util.PlaceholderResolutionException: Could not resolve placeholder 'JWT_SECRET' in value "${JWT_SECRET}" <-- "${jwt.secret}"
	at org.springframework.util.PlaceholderResolutionException.withValue(PlaceholderResolutionException.java:81) ~[spring-core-6.2.5.jar:6.2.5]
	at org.springframework.util.PlaceholderParser$ParsedValue.resolve(PlaceholderParser.java:423) ~[spring-core-6.2.5.jar:6.2.5]
	at org.springframework.util.PlaceholderParser.replacePlaceholders(PlaceholderParser.java:128) ~[spring-core-6.2.5.jar:6.2.5]
	at org.springframework.util.PropertyPlaceholderHelper.parseStringValue(PropertyPlaceholderHelper.java:118) ~[spring-core-6.2.5.jar:6.2.5]
	at org.springframework.util.PropertyPlaceholderHelper.replacePlaceholders(PropertyPlaceholderHelper.java:114) ~[spring-core-6.2.5.jar:6.2.5]
	at org.springframework.core.env.AbstractPropertyResolver.doResolvePlaceholders(AbstractPropertyResolver.java:255) ~[spring-core-6.2.5.jar:6.2.5]
	at org.springframework.core.env.AbstractPropertyResolver.resolveRequiredPlaceholders(AbstractPropertyResolver.java:226) ~[spring-core-6.2.5.jar:6.2.5]
	at org.springframework.context.support.PropertySourcesPlaceholderConfigurer.lambda$processProperties$0(PropertySourcesPlaceholderConfigurer.java:201) ~[spring-context-6.2.5.jar:6.2.5]
	at org.springframework.beans.factory.support.AbstractBeanFactory.resolveEmbeddedValue(AbstractBeanFactory.java:971) ~[spring-beans-6.2.5.jar:6.2.5]
	at org.springframework.beans.factory.support.DefaultListableBeanFactory.doResolveDependency(DefaultListableBeanFactory.java:1577) ~[spring-beans-6.2.5.jar:6.2.5]
	at org.springframework.beans.factory.support.DefaultListableBeanFactory.resolveDependency(DefaultListableBeanFactory.java:1555) ~[spring-beans-6.2.5.jar:6.2.5]
	at org.springframework.beans.factory.support.ConstructorResolver.resolveAutowiredArgument(ConstructorResolver.java:913) ~[spring-beans-6.2.5.jar:6.2.5]
	at org.springframework.beans.factory.support.ConstructorResolver.createArgumentArray(ConstructorResolver.java:791) ~[spring-beans-6.2.5.jar:6.2.5]
	at org.springframework.beans.factory.support.ConstructorResolver.autowireConstructor(ConstructorResolver.java:240) ~[spring-beans-6.2.5.jar:6.2.5]
	at org.springframework.beans.factory.support.AbstractAutowireCapableBeanFactory.autowireConstructor(AbstractAutowireCapableBeanFactory.java:1381) ~[spring-beans-6.2.5.jar:6.2.5]
	at org.springframework.beans.factory.support.AbstractAutowireCapableBeanFactory.createBeanInstance(AbstractAutowireCapableBeanFactory.java:1218) ~[spring-beans-6.2.5.jar:6.2.5]
	at org.springframework.beans.factory.support.AbstractAutowireCapableBeanFactory.doCreateBean(AbstractAutowireCapableBeanFactory.java:563) ~[spring-beans-6.2.5.jar:6.2.5]
	at org.springframework.beans.factory.support.AbstractAutowireCapableBeanFactory.createBean(AbstractAutowireCapableBeanFactory.java:523) ~[spring-beans-6.2.5.jar:6.2.5]
	... 71 common frames omitted


> Task :bootRun FAILED

FAILURE: Build failed with an exception.

* What went wrong:
Execution failed for task ':bootRun'.
> Process 'command '/Users/dongha/.sdkman/candidates/java/17.0.8-tem/bin/java'' finished with non-zero exit value 1

* Try:
> Run with --stacktrace option to get the stack trace.
> Run with --debug option to get more log output.
> Run with --scan to get full insights.
> Get more help at https://help.gradle.org.

BUILD FAILED in 7s
4 actionable tasks: 1 executed, 3 up-to-date
Watched directory hierarchies: [/Users/dongha/jungle/aidiary-main]
